2022-02-14 14:50:06,207 - DEBUG - starting while loop
2022-02-14 14:50:06,213 - WARNING - Temp = 64°
2022-02-14 14:50:06,218 - INFO - creat local user172.16.32.133
2022-02-14 14:50:40,587 - WARNING - bad username : el ip : 172.16.32.27
2022-02-14 14:50:44,487 - WARNING - bad password : elo ip : 172.16.32.27
2022-02-14 14:50:47,113 - INFO - New login username : elo ip : 172.16.32.27
2022-02-14 14:51:13,620 - INFO - New login username : elo ip : 172.16.32.27
2022-02-14 14:52:50,852 - INFO - New login username : elo ip : 172.16.32.27
2022-02-14 14:53:42,360 - INFO - New login username : admin ip : 172.16.32.27
2022-02-14 15:24:44,063 - DEBUG - starting while loop
2022-02-14 15:24:44,064 - INFO - creat local user172.16.32.133
2022-02-22 08:41:47,877 - DEBUG - Successfully imported extension module "markdown.extensions.abbr".
2022-02-22 08:41:47,877 - DEBUG - Successfully loaded extension "markdown.extensions.abbr.AbbrExtension".
2022-02-22 08:41:47,881 - DEBUG - Successfully imported extension module "markdown.extensions.attr_list".
2022-02-22 08:41:47,881 - DEBUG - Successfully loaded extension "markdown.extensions.attr_list.AttrListExtension".
2022-02-22 08:41:47,882 - DEBUG - Successfully imported extension module "markdown.extensions.def_list".
2022-02-22 08:41:47,882 - DEBUG - Successfully loaded extension "markdown.extensions.def_list.DefListExtension".
2022-02-22 08:41:47,884 - DEBUG - Successfully imported extension module "markdown.extensions.fenced_code".
2022-02-22 08:41:47,884 - DEBUG - Successfully loaded extension "markdown.extensions.fenced_code.FencedCodeExtension".
2022-02-22 08:41:47,885 - DEBUG - Successfully imported extension module "markdown.extensions.footnotes".
2022-02-22 08:41:47,885 - DEBUG - Successfully loaded extension "markdown.extensions.footnotes.FootnoteExtension".
2022-02-22 08:41:47,886 - DEBUG - Successfully imported extension module "markdown.extensions.tables".
2022-02-22 08:41:47,886 - DEBUG - Successfully loaded extension "markdown.extensions.tables.TableExtension".
2022-02-22 08:41:47,887 - DEBUG - Successfully imported extension module "markdown.extensions.admonition".
2022-02-22 08:41:47,887 - DEBUG - Successfully loaded extension "markdown.extensions.admonition.AdmonitionExtension".
2022-02-22 08:41:47,888 - DEBUG - Successfully imported extension module "markdown.extensions.smarty".
2022-02-22 08:41:47,888 - DEBUG - Successfully loaded extension "markdown.extensions.smarty.SmartyExtension".
2022-02-22 08:41:47,889 - DEBUG - Successfully imported extension module "markdown.extensions.toc".
2022-02-22 08:41:47,889 - DEBUG - Successfully loaded extension "markdown.extensions.toc.TocExtension".
2022-02-22 08:43:44,804 - DEBUG - Successfully imported extension module "markdown.extensions.abbr".
2022-02-22 08:43:44,805 - DEBUG - Successfully loaded extension "markdown.extensions.abbr.AbbrExtension".
2022-02-22 08:43:44,809 - DEBUG - Successfully imported extension module "markdown.extensions.attr_list".
2022-02-22 08:43:44,809 - DEBUG - Successfully loaded extension "markdown.extensions.attr_list.AttrListExtension".
2022-02-22 08:43:44,810 - DEBUG - Successfully imported extension module "markdown.extensions.def_list".
2022-02-22 08:43:44,810 - DEBUG - Successfully loaded extension "markdown.extensions.def_list.DefListExtension".
2022-02-22 08:43:44,811 - DEBUG - Successfully imported extension module "markdown.extensions.fenced_code".
2022-02-22 08:43:44,811 - DEBUG - Successfully loaded extension "markdown.extensions.fenced_code.FencedCodeExtension".
2022-02-22 08:43:44,812 - DEBUG - Successfully imported extension module "markdown.extensions.footnotes".
2022-02-22 08:43:44,812 - DEBUG - Successfully loaded extension "markdown.extensions.footnotes.FootnoteExtension".
2022-02-22 08:43:44,813 - DEBUG - Successfully imported extension module "markdown.extensions.tables".
2022-02-22 08:43:44,813 - DEBUG - Successfully loaded extension "markdown.extensions.tables.TableExtension".
2022-02-22 08:43:44,814 - DEBUG - Successfully imported extension module "markdown.extensions.admonition".
2022-02-22 08:43:44,814 - DEBUG - Successfully loaded extension "markdown.extensions.admonition.AdmonitionExtension".
2022-02-22 08:43:44,814 - DEBUG - Successfully imported extension module "markdown.extensions.smarty".
2022-02-22 08:43:44,814 - DEBUG - Successfully loaded extension "markdown.extensions.smarty.SmartyExtension".
2022-02-22 08:43:44,815 - DEBUG - Successfully imported extension module "markdown.extensions.toc".
2022-02-22 08:43:44,815 - DEBUG - Successfully loaded extension "markdown.extensions.toc.TocExtension".
2022-02-22 08:46:06,754 - DEBUG - Successfully imported extension module "markdown.extensions.abbr".
2022-02-22 08:46:06,754 - DEBUG - Successfully loaded extension "markdown.extensions.abbr.AbbrExtension".
2022-02-22 08:46:06,758 - DEBUG - Successfully imported extension module "markdown.extensions.attr_list".
2022-02-22 08:46:06,758 - DEBUG - Successfully loaded extension "markdown.extensions.attr_list.AttrListExtension".
2022-02-22 08:46:06,759 - DEBUG - Successfully imported extension module "markdown.extensions.def_list".
2022-02-22 08:46:06,759 - DEBUG - Successfully loaded extension "markdown.extensions.def_list.DefListExtension".
2022-02-22 08:46:06,760 - DEBUG - Successfully imported extension module "markdown.extensions.fenced_code".
2022-02-22 08:46:06,760 - DEBUG - Successfully loaded extension "markdown.extensions.fenced_code.FencedCodeExtension".
2022-02-22 08:46:06,761 - DEBUG - Successfully imported extension module "markdown.extensions.footnotes".
2022-02-22 08:46:06,761 - DEBUG - Successfully loaded extension "markdown.extensions.footnotes.FootnoteExtension".
2022-02-22 08:46:06,762 - DEBUG - Successfully imported extension module "markdown.extensions.tables".
2022-02-22 08:46:06,762 - DEBUG - Successfully loaded extension "markdown.extensions.tables.TableExtension".
2022-02-22 08:46:06,763 - DEBUG - Successfully imported extension module "markdown.extensions.admonition".
2022-02-22 08:46:06,763 - DEBUG - Successfully loaded extension "markdown.extensions.admonition.AdmonitionExtension".
2022-02-22 08:46:06,763 - DEBUG - Successfully imported extension module "markdown.extensions.smarty".
2022-02-22 08:46:06,763 - DEBUG - Successfully loaded extension "markdown.extensions.smarty.SmartyExtension".
2022-02-22 08:46:06,764 - DEBUG - Successfully imported extension module "markdown.extensions.toc".
2022-02-22 08:46:06,764 - DEBUG - Successfully loaded extension "markdown.extensions.toc.TocExtension".
2022-02-22 08:47:46,303 - DEBUG - Successfully imported extension module "markdown.extensions.abbr".
2022-02-22 08:47:46,303 - DEBUG - Successfully loaded extension "markdown.extensions.abbr.AbbrExtension".
2022-02-22 08:47:46,307 - DEBUG - Successfully imported extension module "markdown.extensions.attr_list".
2022-02-22 08:47:46,307 - DEBUG - Successfully loaded extension "markdown.extensions.attr_list.AttrListExtension".
2022-02-22 08:47:46,308 - DEBUG - Successfully imported extension module "markdown.extensions.def_list".
2022-02-22 08:47:46,308 - DEBUG - Successfully loaded extension "markdown.extensions.def_list.DefListExtension".
2022-02-22 08:47:46,309 - DEBUG - Successfully imported extension module "markdown.extensions.fenced_code".
2022-02-22 08:47:46,309 - DEBUG - Successfully loaded extension "markdown.extensions.fenced_code.FencedCodeExtension".
2022-02-22 08:47:46,310 - DEBUG - Successfully imported extension module "markdown.extensions.footnotes".
2022-02-22 08:47:46,310 - DEBUG - Successfully loaded extension "markdown.extensions.footnotes.FootnoteExtension".
2022-02-22 08:47:46,310 - DEBUG - Successfully imported extension module "markdown.extensions.tables".
2022-02-22 08:47:46,311 - DEBUG - Successfully loaded extension "markdown.extensions.tables.TableExtension".
2022-02-22 08:47:46,311 - DEBUG - Successfully imported extension module "markdown.extensions.admonition".
2022-02-22 08:47:46,311 - DEBUG - Successfully loaded extension "markdown.extensions.admonition.AdmonitionExtension".
2022-02-22 08:47:46,312 - DEBUG - Successfully imported extension module "markdown.extensions.smarty".
2022-02-22 08:47:46,312 - DEBUG - Successfully loaded extension "markdown.extensions.smarty.SmartyExtension".
2022-02-22 08:47:46,313 - DEBUG - Successfully imported extension module "markdown.extensions.toc".
2022-02-22 08:47:46,313 - DEBUG - Successfully loaded extension "markdown.extensions.toc.TocExtension".
2022-02-22 08:48:26,903 - DEBUG - Successfully imported extension module "markdown.extensions.abbr".
2022-02-22 08:48:26,903 - DEBUG - Successfully loaded extension "markdown.extensions.abbr.AbbrExtension".
2022-02-22 08:48:26,907 - DEBUG - Successfully imported extension module "markdown.extensions.attr_list".
2022-02-22 08:48:26,907 - DEBUG - Successfully loaded extension "markdown.extensions.attr_list.AttrListExtension".
2022-02-22 08:48:26,908 - DEBUG - Successfully imported extension module "markdown.extensions.def_list".
2022-02-22 08:48:26,908 - DEBUG - Successfully loaded extension "markdown.extensions.def_list.DefListExtension".
2022-02-22 08:48:26,909 - DEBUG - Successfully imported extension module "markdown.extensions.fenced_code".
2022-02-22 08:48:26,909 - DEBUG - Successfully loaded extension "markdown.extensions.fenced_code.FencedCodeExtension".
2022-02-22 08:48:26,910 - DEBUG - Successfully imported extension module "markdown.extensions.footnotes".
2022-02-22 08:48:26,910 - DEBUG - Successfully loaded extension "markdown.extensions.footnotes.FootnoteExtension".
2022-02-22 08:48:26,911 - DEBUG - Successfully imported extension module "markdown.extensions.tables".
2022-02-22 08:48:26,911 - DEBUG - Successfully loaded extension "markdown.extensions.tables.TableExtension".
2022-02-22 08:48:26,912 - DEBUG - Successfully imported extension module "markdown.extensions.admonition".
2022-02-22 08:48:26,912 - DEBUG - Successfully loaded extension "markdown.extensions.admonition.AdmonitionExtension".
2022-02-22 08:48:26,912 - DEBUG - Successfully imported extension module "markdown.extensions.smarty".
2022-02-22 08:48:26,912 - DEBUG - Successfully loaded extension "markdown.extensions.smarty.SmartyExtension".
2022-02-22 08:48:26,913 - DEBUG - Successfully imported extension module "markdown.extensions.toc".
2022-02-22 08:48:26,913 - DEBUG - Successfully loaded extension "markdown.extensions.toc.TocExtension".
2022-02-22 08:48:38,570 - DEBUG - Successfully imported extension module "markdown.extensions.abbr".
2022-02-22 08:48:38,570 - DEBUG - Successfully loaded extension "markdown.extensions.abbr.AbbrExtension".
2022-02-22 08:48:38,574 - DEBUG - Successfully imported extension module "markdown.extensions.attr_list".
2022-02-22 08:48:38,575 - DEBUG - Successfully loaded extension "markdown.extensions.attr_list.AttrListExtension".
2022-02-22 08:48:38,575 - DEBUG - Successfully imported extension module "markdown.extensions.def_list".
2022-02-22 08:48:38,575 - DEBUG - Successfully loaded extension "markdown.extensions.def_list.DefListExtension".
2022-02-22 08:48:38,577 - DEBUG - Successfully imported extension module "markdown.extensions.fenced_code".
2022-02-22 08:48:38,577 - DEBUG - Successfully loaded extension "markdown.extensions.fenced_code.FencedCodeExtension".
2022-02-22 08:48:38,577 - DEBUG - Successfully imported extension module "markdown.extensions.footnotes".
2022-02-22 08:48:38,578 - DEBUG - Successfully loaded extension "markdown.extensions.footnotes.FootnoteExtension".
2022-02-22 08:48:38,578 - DEBUG - Successfully imported extension module "markdown.extensions.tables".
2022-02-22 08:48:38,578 - DEBUG - Successfully loaded extension "markdown.extensions.tables.TableExtension".
2022-02-22 08:48:38,579 - DEBUG - Successfully imported extension module "markdown.extensions.admonition".
2022-02-22 08:48:38,579 - DEBUG - Successfully loaded extension "markdown.extensions.admonition.AdmonitionExtension".
2022-02-22 08:48:38,579 - DEBUG - Successfully imported extension module "markdown.extensions.smarty".
2022-02-22 08:48:38,580 - DEBUG - Successfully loaded extension "markdown.extensions.smarty.SmartyExtension".
2022-02-22 08:48:38,580 - DEBUG - Successfully imported extension module "markdown.extensions.toc".
2022-02-22 08:48:38,580 - DEBUG - Successfully loaded extension "markdown.extensions.toc.TocExtension".
2022-02-22 08:51:09,607 - DEBUG - Successfully imported extension module "markdown.extensions.abbr".
2022-02-22 08:51:09,607 - DEBUG - Successfully loaded extension "markdown.extensions.abbr.AbbrExtension".
2022-02-22 08:51:09,610 - DEBUG - Successfully imported extension module "markdown.extensions.attr_list".
2022-02-22 08:51:09,610 - DEBUG - Successfully loaded extension "markdown.extensions.attr_list.AttrListExtension".
2022-02-22 08:51:09,611 - DEBUG - Successfully imported extension module "markdown.extensions.def_list".
2022-02-22 08:51:09,611 - DEBUG - Successfully loaded extension "markdown.extensions.def_list.DefListExtension".
2022-02-22 08:51:09,613 - DEBUG - Successfully imported extension module "markdown.extensions.fenced_code".
2022-02-22 08:51:09,613 - DEBUG - Successfully loaded extension "markdown.extensions.fenced_code.FencedCodeExtension".
2022-02-22 08:51:09,613 - DEBUG - Successfully imported extension module "markdown.extensions.footnotes".
2022-02-22 08:51:09,614 - DEBUG - Successfully loaded extension "markdown.extensions.footnotes.FootnoteExtension".
2022-02-22 08:51:09,614 - DEBUG - Successfully imported extension module "markdown.extensions.tables".
2022-02-22 08:51:09,614 - DEBUG - Successfully loaded extension "markdown.extensions.tables.TableExtension".
2022-02-22 08:51:09,615 - DEBUG - Successfully imported extension module "markdown.extensions.admonition".
2022-02-22 08:51:09,615 - DEBUG - Successfully loaded extension "markdown.extensions.admonition.AdmonitionExtension".
2022-02-22 08:51:09,616 - DEBUG - Successfully imported extension module "markdown.extensions.smarty".
2022-02-22 08:51:09,616 - DEBUG - Successfully loaded extension "markdown.extensions.smarty.SmartyExtension".
2022-02-22 08:51:09,616 - DEBUG - Successfully imported extension module "markdown.extensions.toc".
2022-02-22 08:51:09,616 - DEBUG - Successfully loaded extension "markdown.extensions.toc.TocExtension".
2022-02-22 08:52:22,167 - DEBUG - Successfully imported extension module "markdown.extensions.abbr".
2022-02-22 08:52:22,167 - DEBUG - Successfully loaded extension "markdown.extensions.abbr.AbbrExtension".
2022-02-22 08:52:22,171 - DEBUG - Successfully imported extension module "markdown.extensions.attr_list".
2022-02-22 08:52:22,171 - DEBUG - Successfully loaded extension "markdown.extensions.attr_list.AttrListExtension".
2022-02-22 08:52:22,172 - DEBUG - Successfully imported extension module "markdown.extensions.def_list".
2022-02-22 08:52:22,172 - DEBUG - Successfully loaded extension "markdown.extensions.def_list.DefListExtension".
2022-02-22 08:52:22,173 - DEBUG - Successfully imported extension module "markdown.extensions.fenced_code".
2022-02-22 08:52:22,173 - DEBUG - Successfully loaded extension "markdown.extensions.fenced_code.FencedCodeExtension".
2022-02-22 08:52:22,174 - DEBUG - Successfully imported extension module "markdown.extensions.footnotes".
2022-02-22 08:52:22,174 - DEBUG - Successfully loaded extension "markdown.extensions.footnotes.FootnoteExtension".
2022-02-22 08:52:22,175 - DEBUG - Successfully imported extension module "markdown.extensions.tables".
2022-02-22 08:52:22,175 - DEBUG - Successfully loaded extension "markdown.extensions.tables.TableExtension".
2022-02-22 08:52:22,176 - DEBUG - Successfully imported extension module "markdown.extensions.admonition".
2022-02-22 08:52:22,176 - DEBUG - Successfully loaded extension "markdown.extensions.admonition.AdmonitionExtension".
2022-02-22 08:52:22,176 - DEBUG - Successfully imported extension module "markdown.extensions.smarty".
2022-02-22 08:52:22,177 - DEBUG - Successfully loaded extension "markdown.extensions.smarty.SmartyExtension".
2022-02-22 08:52:22,177 - DEBUG - Successfully imported extension module "markdown.extensions.toc".
2022-02-22 08:52:22,177 - DEBUG - Successfully loaded extension "markdown.extensions.toc.TocExtension".
2022-02-22 08:52:46,557 - DEBUG - Successfully imported extension module "markdown.extensions.abbr".
2022-02-22 08:52:46,557 - DEBUG - Successfully loaded extension "markdown.extensions.abbr.AbbrExtension".
2022-02-22 08:52:46,560 - DEBUG - Successfully imported extension module "markdown.extensions.attr_list".
2022-02-22 08:52:46,560 - DEBUG - Successfully loaded extension "markdown.extensions.attr_list.AttrListExtension".
2022-02-22 08:52:46,561 - DEBUG - Successfully imported extension module "markdown.extensions.def_list".
2022-02-22 08:52:46,561 - DEBUG - Successfully loaded extension "markdown.extensions.def_list.DefListExtension".
2022-02-22 08:52:46,563 - DEBUG - Successfully imported extension module "markdown.extensions.fenced_code".
2022-02-22 08:52:46,563 - DEBUG - Successfully loaded extension "markdown.extensions.fenced_code.FencedCodeExtension".
2022-02-22 08:52:46,564 - DEBUG - Successfully imported extension module "markdown.extensions.footnotes".
2022-02-22 08:52:46,564 - DEBUG - Successfully loaded extension "markdown.extensions.footnotes.FootnoteExtension".
2022-02-22 08:52:46,565 - DEBUG - Successfully imported extension module "markdown.extensions.tables".
2022-02-22 08:52:46,565 - DEBUG - Successfully loaded extension "markdown.extensions.tables.TableExtension".
2022-02-22 08:52:46,565 - DEBUG - Successfully imported extension module "markdown.extensions.admonition".
2022-02-22 08:52:46,565 - DEBUG - Successfully loaded extension "markdown.extensions.admonition.AdmonitionExtension".
2022-02-22 08:52:46,566 - DEBUG - Successfully imported extension module "markdown.extensions.smarty".
2022-02-22 08:52:46,566 - DEBUG - Successfully loaded extension "markdown.extensions.smarty.SmartyExtension".
2022-02-22 08:52:46,567 - DEBUG - Successfully imported extension module "markdown.extensions.toc".
2022-02-22 08:52:46,567 - DEBUG - Successfully loaded extension "markdown.extensions.toc.TocExtension".
2022-02-22 08:53:38,002 - DEBUG - Successfully imported extension module "markdown.extensions.abbr".
2022-02-22 08:53:38,003 - DEBUG - Successfully loaded extension "markdown.extensions.abbr.AbbrExtension".
2022-02-22 08:53:38,007 - DEBUG - Successfully imported extension module "markdown.extensions.attr_list".
2022-02-22 08:53:38,007 - DEBUG - Successfully loaded extension "markdown.extensions.attr_list.AttrListExtension".
2022-02-22 08:53:38,008 - DEBUG - Successfully imported extension module "markdown.extensions.def_list".
2022-02-22 08:53:38,008 - DEBUG - Successfully loaded extension "markdown.extensions.def_list.DefListExtension".
2022-02-22 08:53:38,009 - DEBUG - Successfully imported extension module "markdown.extensions.fenced_code".
2022-02-22 08:53:38,009 - DEBUG - Successfully loaded extension "markdown.extensions.fenced_code.FencedCodeExtension".
2022-02-22 08:53:38,010 - DEBUG - Successfully imported extension module "markdown.extensions.footnotes".
2022-02-22 08:53:38,010 - DEBUG - Successfully loaded extension "markdown.extensions.footnotes.FootnoteExtension".
2022-02-22 08:53:38,010 - DEBUG - Successfully imported extension module "markdown.extensions.tables".
2022-02-22 08:53:38,011 - DEBUG - Successfully loaded extension "markdown.extensions.tables.TableExtension".
2022-02-22 08:53:38,012 - DEBUG - Successfully imported extension module "markdown.extensions.admonition".
2022-02-22 08:53:38,012 - DEBUG - Successfully loaded extension "markdown.extensions.admonition.AdmonitionExtension".
2022-02-22 08:53:38,012 - DEBUG - Successfully imported extension module "markdown.extensions.smarty".
2022-02-22 08:53:38,012 - DEBUG - Successfully loaded extension "markdown.extensions.smarty.SmartyExtension".
2022-02-22 08:53:38,013 - DEBUG - Successfully imported extension module "markdown.extensions.toc".
2022-02-22 08:53:38,013 - DEBUG - Successfully loaded extension "markdown.extensions.toc.TocExtension".
2022-02-22 08:54:04,363 - DEBUG - Successfully imported extension module "markdown.extensions.abbr".
2022-02-22 08:54:04,363 - DEBUG - Successfully loaded extension "markdown.extensions.abbr.AbbrExtension".
2022-02-22 08:54:04,367 - DEBUG - Successfully imported extension module "markdown.extensions.attr_list".
2022-02-22 08:54:04,367 - DEBUG - Successfully loaded extension "markdown.extensions.attr_list.AttrListExtension".
2022-02-22 08:54:04,367 - DEBUG - Successfully imported extension module "markdown.extensions.def_list".
2022-02-22 08:54:04,367 - DEBUG - Successfully loaded extension "markdown.extensions.def_list.DefListExtension".
2022-02-22 08:54:04,369 - DEBUG - Successfully imported extension module "markdown.extensions.fenced_code".
2022-02-22 08:54:04,369 - DEBUG - Successfully loaded extension "markdown.extensions.fenced_code.FencedCodeExtension".
2022-02-22 08:54:04,370 - DEBUG - Successfully imported extension module "markdown.extensions.footnotes".
2022-02-22 08:54:04,370 - DEBUG - Successfully loaded extension "markdown.extensions.footnotes.FootnoteExtension".
2022-02-22 08:54:04,371 - DEBUG - Successfully imported extension module "markdown.extensions.tables".
2022-02-22 08:54:04,371 - DEBUG - Successfully loaded extension "markdown.extensions.tables.TableExtension".
2022-02-22 08:54:04,371 - DEBUG - Successfully imported extension module "markdown.extensions.admonition".
2022-02-22 08:54:04,371 - DEBUG - Successfully loaded extension "markdown.extensions.admonition.AdmonitionExtension".
2022-02-22 08:54:04,372 - DEBUG - Successfully imported extension module "markdown.extensions.smarty".
2022-02-22 08:54:04,372 - DEBUG - Successfully loaded extension "markdown.extensions.smarty.SmartyExtension".
2022-02-22 08:54:04,373 - DEBUG - Successfully imported extension module "markdown.extensions.toc".
2022-02-22 08:54:04,373 - DEBUG - Successfully loaded extension "markdown.extensions.toc.TocExtension".
2022-02-22 08:55:24,410 - DEBUG - Successfully imported extension module "markdown.extensions.abbr".
2022-02-22 08:55:24,410 - DEBUG - Successfully loaded extension "markdown.extensions.abbr.AbbrExtension".
2022-02-22 08:55:24,414 - DEBUG - Successfully imported extension module "markdown.extensions.attr_list".
2022-02-22 08:55:24,414 - DEBUG - Successfully loaded extension "markdown.extensions.attr_list.AttrListExtension".
2022-02-22 08:55:24,415 - DEBUG - Successfully imported extension module "markdown.extensions.def_list".
2022-02-22 08:55:24,415 - DEBUG - Successfully loaded extension "markdown.extensions.def_list.DefListExtension".
2022-02-22 08:55:24,416 - DEBUG - Successfully imported extension module "markdown.extensions.fenced_code".
2022-02-22 08:55:24,416 - DEBUG - Successfully loaded extension "markdown.extensions.fenced_code.FencedCodeExtension".
2022-02-22 08:55:24,417 - DEBUG - Successfully imported extension module "markdown.extensions.footnotes".
2022-02-22 08:55:24,417 - DEBUG - Successfully loaded extension "markdown.extensions.footnotes.FootnoteExtension".
2022-02-22 08:55:24,418 - DEBUG - Successfully imported extension module "markdown.extensions.tables".
2022-02-22 08:55:24,418 - DEBUG - Successfully loaded extension "markdown.extensions.tables.TableExtension".
2022-02-22 08:55:24,419 - DEBUG - Successfully imported extension module "markdown.extensions.admonition".
2022-02-22 08:55:24,419 - DEBUG - Successfully loaded extension "markdown.extensions.admonition.AdmonitionExtension".
2022-02-22 08:55:24,419 - DEBUG - Successfully imported extension module "markdown.extensions.smarty".
2022-02-22 08:55:24,419 - DEBUG - Successfully loaded extension "markdown.extensions.smarty.SmartyExtension".
2022-02-22 08:55:24,420 - DEBUG - Successfully imported extension module "markdown.extensions.toc".
2022-02-22 08:55:24,420 - DEBUG - Successfully loaded extension "markdown.extensions.toc.TocExtension".
2022-02-22 08:56:10,544 - DEBUG - Successfully imported extension module "markdown.extensions.abbr".
2022-02-22 08:56:10,544 - DEBUG - Successfully loaded extension "markdown.extensions.abbr.AbbrExtension".
2022-02-22 08:56:10,549 - DEBUG - Successfully imported extension module "markdown.extensions.attr_list".
2022-02-22 08:56:10,549 - DEBUG - Successfully loaded extension "markdown.extensions.attr_list.AttrListExtension".
2022-02-22 08:56:10,550 - DEBUG - Successfully imported extension module "markdown.extensions.def_list".
2022-02-22 08:56:10,550 - DEBUG - Successfully loaded extension "markdown.extensions.def_list.DefListExtension".
2022-02-22 08:56:10,551 - DEBUG - Successfully imported extension module "markdown.extensions.fenced_code".
2022-02-22 08:56:10,551 - DEBUG - Successfully loaded extension "markdown.extensions.fenced_code.FencedCodeExtension".
2022-02-22 08:56:10,552 - DEBUG - Successfully imported extension module "markdown.extensions.footnotes".
2022-02-22 08:56:10,552 - DEBUG - Successfully loaded extension "markdown.extensions.footnotes.FootnoteExtension".
2022-02-22 08:56:10,553 - DEBUG - Successfully imported extension module "markdown.extensions.tables".
2022-02-22 08:56:10,553 - DEBUG - Successfully loaded extension "markdown.extensions.tables.TableExtension".
2022-02-22 08:56:10,554 - DEBUG - Successfully imported extension module "markdown.extensions.admonition".
2022-02-22 08:56:10,554 - DEBUG - Successfully loaded extension "markdown.extensions.admonition.AdmonitionExtension".
2022-02-22 08:56:10,554 - DEBUG - Successfully imported extension module "markdown.extensions.smarty".
2022-02-22 08:56:10,554 - DEBUG - Successfully loaded extension "markdown.extensions.smarty.SmartyExtension".
2022-02-22 08:56:10,555 - DEBUG - Successfully imported extension module "markdown.extensions.toc".
2022-02-22 08:56:10,555 - DEBUG - Successfully loaded extension "markdown.extensions.toc.TocExtension".
2022-02-22 08:56:49,008 - DEBUG - Successfully imported extension module "markdown.extensions.abbr".
2022-02-22 08:56:49,009 - DEBUG - Successfully loaded extension "markdown.extensions.abbr.AbbrExtension".
2022-02-22 08:56:49,012 - DEBUG - Successfully imported extension module "markdown.extensions.attr_list".
2022-02-22 08:56:49,013 - DEBUG - Successfully loaded extension "markdown.extensions.attr_list.AttrListExtension".
2022-02-22 08:56:49,013 - DEBUG - Successfully imported extension module "markdown.extensions.def_list".
2022-02-22 08:56:49,013 - DEBUG - Successfully loaded extension "markdown.extensions.def_list.DefListExtension".
2022-02-22 08:56:49,015 - DEBUG - Successfully imported extension module "markdown.extensions.fenced_code".
2022-02-22 08:56:49,015 - DEBUG - Successfully loaded extension "markdown.extensions.fenced_code.FencedCodeExtension".
2022-02-22 08:56:49,016 - DEBUG - Successfully imported extension module "markdown.extensions.footnotes".
2022-02-22 08:56:49,016 - DEBUG - Successfully loaded extension "markdown.extensions.footnotes.FootnoteExtension".
2022-02-22 08:56:49,016 - DEBUG - Successfully imported extension module "markdown.extensions.tables".
2022-02-22 08:56:49,016 - DEBUG - Successfully loaded extension "markdown.extensions.tables.TableExtension".
2022-02-22 08:56:49,017 - DEBUG - Successfully imported extension module "markdown.extensions.admonition".
2022-02-22 08:56:49,017 - DEBUG - Successfully loaded extension "markdown.extensions.admonition.AdmonitionExtension".
2022-02-22 08:56:49,018 - DEBUG - Successfully imported extension module "markdown.extensions.smarty".
2022-02-22 08:56:49,018 - DEBUG - Successfully loaded extension "markdown.extensions.smarty.SmartyExtension".
2022-02-22 08:56:49,018 - DEBUG - Successfully imported extension module "markdown.extensions.toc".
2022-02-22 08:56:49,019 - DEBUG - Successfully loaded extension "markdown.extensions.toc.TocExtension".
2022-02-22 08:59:09,572 - DEBUG - Successfully imported extension module "markdown.extensions.abbr".
2022-02-22 08:59:09,573 - DEBUG - Successfully loaded extension "markdown.extensions.abbr.AbbrExtension".
2022-02-22 08:59:09,577 - DEBUG - Successfully imported extension module "markdown.extensions.attr_list".
2022-02-22 08:59:09,577 - DEBUG - Successfully loaded extension "markdown.extensions.attr_list.AttrListExtension".
2022-02-22 08:59:09,577 - DEBUG - Successfully imported extension module "markdown.extensions.def_list".
2022-02-22 08:59:09,578 - DEBUG - Successfully loaded extension "markdown.extensions.def_list.DefListExtension".
2022-02-22 08:59:09,579 - DEBUG - Successfully imported extension module "markdown.extensions.fenced_code".
2022-02-22 08:59:09,579 - DEBUG - Successfully loaded extension "markdown.extensions.fenced_code.FencedCodeExtension".
2022-02-22 08:59:09,580 - DEBUG - Successfully imported extension module "markdown.extensions.footnotes".
2022-02-22 08:59:09,580 - DEBUG - Successfully loaded extension "markdown.extensions.footnotes.FootnoteExtension".
2022-02-22 08:59:09,581 - DEBUG - Successfully imported extension module "markdown.extensions.tables".
2022-02-22 08:59:09,581 - DEBUG - Successfully loaded extension "markdown.extensions.tables.TableExtension".
2022-02-22 08:59:09,581 - DEBUG - Successfully imported extension module "markdown.extensions.admonition".
2022-02-22 08:59:09,581 - DEBUG - Successfully loaded extension "markdown.extensions.admonition.AdmonitionExtension".
2022-02-22 08:59:09,582 - DEBUG - Successfully imported extension module "markdown.extensions.smarty".
2022-02-22 08:59:09,582 - DEBUG - Successfully loaded extension "markdown.extensions.smarty.SmartyExtension".
2022-02-22 08:59:09,583 - DEBUG - Successfully imported extension module "markdown.extensions.toc".
2022-02-22 08:59:09,583 - DEBUG - Successfully loaded extension "markdown.extensions.toc.TocExtension".
2022-02-22 08:59:17,568 - DEBUG - Successfully imported extension module "markdown.extensions.abbr".
2022-02-22 08:59:17,568 - DEBUG - Successfully loaded extension "markdown.extensions.abbr.AbbrExtension".
2022-02-22 08:59:17,573 - DEBUG - Successfully imported extension module "markdown.extensions.attr_list".
2022-02-22 08:59:17,573 - DEBUG - Successfully loaded extension "markdown.extensions.attr_list.AttrListExtension".
2022-02-22 08:59:17,573 - DEBUG - Successfully imported extension module "markdown.extensions.def_list".
2022-02-22 08:59:17,573 - DEBUG - Successfully loaded extension "markdown.extensions.def_list.DefListExtension".
2022-02-22 08:59:17,575 - DEBUG - Successfully imported extension module "markdown.extensions.fenced_code".
2022-02-22 08:59:17,575 - DEBUG - Successfully loaded extension "markdown.extensions.fenced_code.FencedCodeExtension".
2022-02-22 08:59:17,576 - DEBUG - Successfully imported extension module "markdown.extensions.footnotes".
2022-02-22 08:59:17,576 - DEBUG - Successfully loaded extension "markdown.extensions.footnotes.FootnoteExtension".
2022-02-22 08:59:17,576 - DEBUG - Successfully imported extension module "markdown.extensions.tables".
2022-02-22 08:59:17,576 - DEBUG - Successfully loaded extension "markdown.extensions.tables.TableExtension".
2022-02-22 08:59:17,577 - DEBUG - Successfully imported extension module "markdown.extensions.admonition".
2022-02-22 08:59:17,577 - DEBUG - Successfully loaded extension "markdown.extensions.admonition.AdmonitionExtension".
2022-02-22 08:59:17,578 - DEBUG - Successfully imported extension module "markdown.extensions.smarty".
2022-02-22 08:59:17,578 - DEBUG - Successfully loaded extension "markdown.extensions.smarty.SmartyExtension".
2022-02-22 08:59:17,578 - DEBUG - Successfully imported extension module "markdown.extensions.toc".
2022-02-22 08:59:17,579 - DEBUG - Successfully loaded extension "markdown.extensions.toc.TocExtension".
2022-02-22 08:59:31,710 - DEBUG - Successfully imported extension module "markdown.extensions.abbr".
2022-02-22 08:59:31,710 - DEBUG - Successfully loaded extension "markdown.extensions.abbr.AbbrExtension".
2022-02-22 08:59:31,714 - DEBUG - Successfully imported extension module "markdown.extensions.attr_list".
2022-02-22 08:59:31,714 - DEBUG - Successfully loaded extension "markdown.extensions.attr_list.AttrListExtension".
2022-02-22 08:59:31,715 - DEBUG - Successfully imported extension module "markdown.extensions.def_list".
2022-02-22 08:59:31,715 - DEBUG - Successfully loaded extension "markdown.extensions.def_list.DefListExtension".
2022-02-22 08:59:31,716 - DEBUG - Successfully imported extension module "markdown.extensions.fenced_code".
2022-02-22 08:59:31,716 - DEBUG - Successfully loaded extension "markdown.extensions.fenced_code.FencedCodeExtension".
2022-02-22 08:59:31,717 - DEBUG - Successfully imported extension module "markdown.extensions.footnotes".
2022-02-22 08:59:31,717 - DEBUG - Successfully loaded extension "markdown.extensions.footnotes.FootnoteExtension".
2022-02-22 08:59:31,718 - DEBUG - Successfully imported extension module "markdown.extensions.tables".
2022-02-22 08:59:31,718 - DEBUG - Successfully loaded extension "markdown.extensions.tables.TableExtension".
2022-02-22 08:59:31,719 - DEBUG - Successfully imported extension module "markdown.extensions.admonition".
2022-02-22 08:59:31,719 - DEBUG - Successfully loaded extension "markdown.extensions.admonition.AdmonitionExtension".
2022-02-22 08:59:31,719 - DEBUG - Successfully imported extension module "markdown.extensions.smarty".
2022-02-22 08:59:31,719 - DEBUG - Successfully loaded extension "markdown.extensions.smarty.SmartyExtension".
2022-02-22 08:59:31,720 - DEBUG - Successfully imported extension module "markdown.extensions.toc".
2022-02-22 08:59:31,720 - DEBUG - Successfully loaded extension "markdown.extensions.toc.TocExtension".
2022-02-22 08:59:43,260 - DEBUG - Successfully imported extension module "markdown.extensions.abbr".
2022-02-22 08:59:43,260 - DEBUG - Successfully loaded extension "markdown.extensions.abbr.AbbrExtension".
2022-02-22 08:59:43,264 - DEBUG - Successfully imported extension module "markdown.extensions.attr_list".
2022-02-22 08:59:43,265 - DEBUG - Successfully loaded extension "markdown.extensions.attr_list.AttrListExtension".
2022-02-22 08:59:43,265 - DEBUG - Successfully imported extension module "markdown.extensions.def_list".
2022-02-22 08:59:43,265 - DEBUG - Successfully loaded extension "markdown.extensions.def_list.DefListExtension".
2022-02-22 08:59:43,268 - DEBUG - Successfully imported extension module "markdown.extensions.fenced_code".
2022-02-22 08:59:43,268 - DEBUG - Successfully loaded extension "markdown.extensions.fenced_code.FencedCodeExtension".
2022-02-22 08:59:43,269 - DEBUG - Successfully imported extension module "markdown.extensions.footnotes".
2022-02-22 08:59:43,269 - DEBUG - Successfully loaded extension "markdown.extensions.footnotes.FootnoteExtension".
2022-02-22 08:59:43,270 - DEBUG - Successfully imported extension module "markdown.extensions.tables".
2022-02-22 08:59:43,270 - DEBUG - Successfully loaded extension "markdown.extensions.tables.TableExtension".
2022-02-22 08:59:43,270 - DEBUG - Successfully imported extension module "markdown.extensions.admonition".
2022-02-22 08:59:43,271 - DEBUG - Successfully loaded extension "markdown.extensions.admonition.AdmonitionExtension".
2022-02-22 08:59:43,271 - DEBUG - Successfully imported extension module "markdown.extensions.smarty".
2022-02-22 08:59:43,271 - DEBUG - Successfully loaded extension "markdown.extensions.smarty.SmartyExtension".
2022-02-22 08:59:43,272 - DEBUG - Successfully imported extension module "markdown.extensions.toc".
2022-02-22 08:59:43,272 - DEBUG - Successfully loaded extension "markdown.extensions.toc.TocExtension".
